This is pdfTeX, Version 3.1415926-1.40.11 (MiKTeX 2.9) (preloaded format=pdflatex 2012.11.9)  16 NOV 2012 13:39
entering extended mode
**titelblatt.tex
("O:\Vorlagen Studenten\LaTeX Vorlage wiss. Arbeit\kapitel\titelblatt.tex"
LaTeX2e <2009/09/24>
Babel <v3.8l> and hyphenation patterns for english, afrikaans, ancientgreek, ar
abic, armenian, assamese, basque, bengali, bokmal, bulgarian, catalan, coptic, 
croatian, czech, danish, dutch, esperanto, estonian, farsi, finnish, french, ga
lician, german, german-x-2009-06-19, greek, gujarati, hindi, hungarian, iceland
ic, indonesian, interlingua, irish, italian, kannada, kurmanji, lao, latin, lat
vian, lithuanian, malayalam, marathi, mongolian, mongolianlmc, monogreek, ngerm
an, ngerman-x-2009-06-19, nynorsk, oriya, panjabi, pinyin, polish, portuguese, 
romanian, russian, sanskrit, serbian, slovak, slovenian, spanish, swedish, swis
sgerman, tamil, telugu, turkish, turkmen, ukenglish, ukrainian, uppersorbian, u
senglishmax, welsh, loaded.

! LaTeX Error: Environment titlepage undefined.

See the LaTeX manual or LaTeX Companion for explanation.
Type  H <return>  for immediate help.
 ...                                              
                                                  
l.1 \begin{titlepage}
                     
Your command was ignored.
Type  I <command> <return>  to replace it with another command,
or  <return>  to continue without it.

! Undefined control sequence.
l.2 \newgeometry
                {a4paper,left=23mm,right=-30mm,top=25mm,bottom=-25mm}
The control sequence at the end of the top line
of your error message was never \def'ed. If you have
misspelled it (e.g., `\hobx'), type `I' and the correct
spelling (e.g., `I\hbox'). Otherwise just continue,
and I'll forget about whatever was undefined.


! LaTeX Error: Missing \begin{document}.

See the LaTeX manual or LaTeX Companion for explanation.
Type  H <return>  for immediate help.
 ...                                              
                                                  
l.2 \newgeometry{a
                  4paper,left=23mm,right=-30mm,top=25mm,bottom=-25mm}
You're in trouble here.  Try typing  <return>  to proceed.
If that doesn't work, type  X <return>  to quit.

Missing character: There is no a in font nullfont!
Missing character: There is no 4 in font nullfont!
Missing character: There is no p in font nullfont!
Missing character: There is no a in font nullfont!
Missing character: There is no p in font nullfont!
Missing character: There is no e in font nullfont!
Missing character: There is no r in font nullfont!
Missing character: There is no , in font nullfont!
Missing character: There is no l in font nullfont!
Missing character: There is no e in font nullfont!
Missing character: There is no f in font nullfont!
Missing character: There is no t in font nullfont!
Missing character: There is no = in font nullfont!
Missing character: There is no 2 in font nullfont!
Missing character: There is no 3 in font nullfont!
Missing character: There is no m in font nullfont!
Missing character: There is no m in font nullfont!
Missing character: There is no , in font nullfont!
Missing character: There is no r in font nullfont!
Missing character: There is no i in font nullfont!
Missing character: There is no g in font nullfont!
Missing character: There is no h in font nullfont!
Missing character: There is no t in font nullfont!
Missing character: There is no = in font nullfont!
Missing character: There is no - in font nullfont!
Missing character: There is no 3 in font nullfont!
Missing character: There is no 0 in font nullfont!
Missing character: There is no m in font nullfont!
Missing character: There is no m in font nullfont!
Missing character: There is no , in font nullfont!
Missing character: There is no t in font nullfont!
Missing character: There is no o in font nullfont!
Missing character: There is no p in font nullfont!
Missing character: There is no = in font nullfont!
Missing character: There is no 2 in font nullfont!
Missing character: There is no 5 in font nullfont!
Missing character: There is no m in font nullfont!
Missing character: There is no m in font nullfont!
Missing character: There is no , in font nullfont!
Missing character: There is no b in font nullfont!
Missing character: There is no o in font nullfont!
Missing character: There is no t in font nullfont!
Missing character: There is no t in font nullfont!
Missing character: There is no o in font nullfont!
Missing character: There is no m in font nullfont!
Missing character: There is no = in font nullfont!
Missing character: There is no - in font nullfont!
Missing character: There is no 2 in font nullfont!
Missing character: There is no 5 in font nullfont!
Missing character: There is no m in font nullfont!
Missing character: There is no m in font nullfont!
! Undefined control sequence.
<argument> \undefinedpagestyle 
                               
l.3 \thispagestyle{titelblatt}
                              
The control sequence at the end of the top line
of your error message was never \def'ed. If you have
misspelled it (e.g., `\hobx'), type `I' and the correct
spelling (e.g., `I\hbox'). Otherwise just continue,
and I'll forget about whatever was undefined.

! Undefined control sequence.
l.4 \ifpdf
          \pdfbookmark{Titelseite}{title}\fi	% Zum PDF Inhaltsverzeichnis hi...
The control sequence at the end of the top line
of your error message was never \def'ed. If you have
misspelled it (e.g., `\hobx'), type `I' and the correct
spelling (e.g., `I\hbox'). Otherwise just continue,
and I'll forget about whatever was undefined.

! Undefined control sequence.
l.4 \ifpdf\pdfbookmark
                      {Titelseite}{title}\fi	% Zum PDF Inhaltsverzeichnis hi...
The control sequence at the end of the top line
of your error message was never \def'ed. If you have
misspelled it (e.g., `\hobx'), type `I' and the correct
spelling (e.g., `I\hbox'). Otherwise just continue,
and I'll forget about whatever was undefined.

Missing character: There is no T in font nullfont!
Missing character: There is no i in font nullfont!
Missing character: There is no t in font nullfont!
Missing character: There is no e in font nullfont!
Missing character: There is no l in font nullfont!
Missing character: There is no s in font nullfont!
Missing character: There is no e in font nullfont!
Missing character: There is no i in font nullfont!
Missing character: There is no t in font nullfont!
Missing character: There is no e in font nullfont!
Missing character: There is no t in font nullfont!
Missing character: There is no i in font nullfont!
Missing character: There is no t in font nullfont!
Missing character: There is no l in font nullfont!
Missing character: There is no e in font nullfont!
! Extra \fi.
l.4 \ifpdf\pdfbookmark{Titelseite}{title}\fi
                                            	% Zum PDF Inhaltsverzeichnis hi...
I'm ignoring this; it doesn't match any \if.


Overfull \hbox (20.0pt too wide) in paragraph at lines 2--5
[]
 []


! LaTeX Error: Environment table undefined.

See the LaTeX manual or LaTeX Companion for explanation.
Type  H <return>  for immediate help.
 ...                                              
                                                  
l.6 \begin{table}
                 [h!]
Your command was ignored.
Type  I <command> <return>  to replace it with another command,
or  <return>  to continue without it.


! LaTeX Error: Missing \begin{document}.

See the LaTeX manual or LaTeX Companion for explanation.
Type  H <return>  for immediate help.
 ...                                              
                                                  
l.6 \begin{table}[
                  h!]
You're in trouble here.  Try typing  <return>  to proceed.
If that doesn't work, type  X <return>  to quit.

Missing character: There is no [ in font nullfont!
Missing character: There is no h in font nullfont!
Missing character: There is no ! in font nullfont!
Missing character: There is no ] in font nullfont!
LaTeX Font Info:    External font `cmex10' loaded for size
(Font)              <7> on input line 7.
LaTeX Font Info:    External font `cmex10' loaded for size
(Font)              <5> on input line 7.
! Undefined control sequence.
l.8 {\color
           {rwthdunkelblau}\rule[-5mm]{213mm}{0,4mm}}
The control sequence at the end of the top line
of your error message was never \def'ed. If you have
misspelled it (e.g., `\hobx'), type `I' and the correct
spelling (e.g., `I\hbox'). Otherwise just continue,
and I'll forget about whatever was undefined.

Missing character: There is no r in font nullfont!
Missing character: There is no w in font nullfont!
Missing character: There is no t in font nullfont!
Missing character: There is no h in font nullfont!
Missing character: There is no d in font nullfont!
Missing character: There is no u in font nullfont!
Missing character: There is no n in font nullfont!
Missing character: There is no k in font nullfont!
Missing character: There is no e in font nullfont!
Missing character: There is no l in font nullfont!
Missing character: There is no b in font nullfont!
Missing character: There is no l in font nullfont!
Missing character: There is no a in font nullfont!
Missing character: There is no u in font nullfont!

! LaTeX Error: \begin{document} ended by \end{table}.

See the LaTeX manual or LaTeX Companion for explanation.
Type  H <return>  for immediate help.
 ...                                              
                                                  
l.10 \end{table}
                
Your command was ignored.
Type  I <command> <return>  to replace it with another command,
or  <return>  to continue without it.


Overfull \hbox (20.0pt too wide) in paragraph at lines 6--11
[]
 []


Overfull \hbox (606.04369pt too wide) in paragraph at lines 6--11
[]
 []


! LaTeX Error: Environment table undefined.

See the LaTeX manual or LaTeX Companion for explanation.
Type  H <return>  for immediate help.
 ...                                              
                                                  
l.15 \begin{table}
                  [h!]
Your command was ignored.
Type  I <command> <return>  to replace it with another command,
or  <return>  to continue without it.


! LaTeX Error: Missing \begin{document}.

See the LaTeX manual or LaTeX Companion for explanation.
Type  H <return>  for immediate help.
 ...                                              
                                                  
l.15 \begin{table}[
                   h!]
You're in trouble here.  Try typing  <return>  to proceed.
If that doesn't work, type  X <return>  to quit.

Missing character: There is no [ in font nullfont!
Missing character: There is no h in font nullfont!
Missing character: There is no ! in font nullfont!
Missing character: There is no ] in font nullfont!
! Undefined control sequence.
l.17 & {\color
              {rwthdunkelblau}\rule[3mm]{130mm}{1,2mm}} \\
The control sequence at the end of the top line
of your error message was never \def'ed. If you have
misspelled it (e.g., `\hobx'), type `I' and the correct
spelling (e.g., `I\hbox'). Otherwise just continue,
and I'll forget about whatever was undefined.

Missing character: There is no r in font nullfont!
Missing character: There is no w in font nullfont!
Missing character: There is no t in font nullfont!
Missing character: There is no h in font nullfont!
Missing character: There is no d in font nullfont!
Missing character: There is no u in font nullfont!
Missing character: There is no n in font nullfont!
Missing character: There is no k in font nullfont!
Missing character: There is no e in font nullfont!
Missing character: There is no l in font nullfont!
Missing character: There is no b in font nullfont!
Missing character: There is no l in font nullfont!
Missing character: There is no a in font nullfont!
Missing character: There is no u in font nullfont!
! Undefined control sequence.
l.18 & \large
             {\textsf{\color{rwthgrau}\universitaet}} \\
The control sequence at the end of the top line
of your error message was never \def'ed. If you have
misspelled it (e.g., `\hobx'), type `I' and the correct
spelling (e.g., `I\hbox'). Otherwise just continue,
and I'll forget about whatever was undefined.

! Undefined control sequence.
<recently read> \color 
                       
l.18 ...rge{\textsf{\color{rwthgrau}\universitaet}
                                                  } \\
The control sequence at the end of the top line
of your error message was never \def'ed. If you have
misspelled it (e.g., `\hobx'), type `I' and the correct
spelling (e.g., `I\hbox'). Otherwise just continue,
and I'll forget about whatever was undefined.

! Undefined control sequence.
<argument> \color {rwthgrau}\universitaet 
                                          
l.18 ...rge{\textsf{\color{rwthgrau}\universitaet}
                                                  } \\
The control sequence at the end of the top line
of your error message was never \def'ed. If you have
misspelled it (e.g., `\hobx'), type `I' and the correct
spelling (e.g., `I\hbox'). Otherwise just continue,
and I'll forget about whatever was undefined.

! Undefined control sequence.
l.19 & \large
             {\textsf{\institut}} \\
The control sequence at the end of the top line
of your error message was never \def'ed. If you have
misspelled it (e.g., `\hobx'), type `I' and the correct
spelling (e.g., `I\hbox'). Otherwise just continue,
and I'll forget about whatever was undefined.

! Undefined control sequence.
<recently read> \institut 
                          
l.19 & \large{\textsf{\institut}
                                } \\
The control sequence at the end of the top line
of your error message was never \def'ed. If you have
misspelled it (e.g., `\hobx'), type `I' and the correct
spelling (e.g., `I\hbox'). Otherwise just continue,
and I'll forget about whatever was undefined.

! Undefined control sequence.
l.20 & \large
             {\textsf{\professor}} \\
The control sequence at the end of the top line
of your error message was never \def'ed. If you have
misspelled it (e.g., `\hobx'), type `I' and the correct
spelling (e.g., `I\hbox'). Otherwise just continue,
and I'll forget about whatever was undefined.

! Undefined control sequence.
<recently read> \professor 
                           
l.20 & \large{\textsf{\professor}
                                 } \\
The control sequence at the end of the top line
of your error message was never \def'ed. If you have
misspelled it (e.g., `\hobx'), type `I' and the correct
spelling (e.g., `I\hbox'). Otherwise just continue,
and I'll forget about whatever was undefined.

! Undefined control sequence.
l.21 & \large
             {\textsf{\color{rwthgrau} \www}} \\
The control sequence at the end of the top line
of your error message was never \def'ed. If you have
misspelled it (e.g., `\hobx'), type `I' and the correct
spelling (e.g., `I\hbox'). Otherwise just continue,
and I'll forget about whatever was undefined.

! Undefined control sequence.
<recently read> \color 
                       
l.21 & \large{\textsf{\color{rwthgrau} \www}
                                            } \\
The control sequence at the end of the top line
of your error message was never \def'ed. If you have
misspelled it (e.g., `\hobx'), type `I' and the correct
spelling (e.g., `I\hbox'). Otherwise just continue,
and I'll forget about whatever was undefined.

! Undefined control sequence.
<argument> \color {rwthgrau} \www 
                                  
l.21 & \large{\textsf{\color{rwthgrau} \www}
                                            } \\
The control sequence at the end of the top line
of your error message was never \def'ed. If you have
misspelled it (e.g., `\hobx'), type `I' and the correct
spelling (e.g., `I\hbox'). Otherwise just continue,
and I'll forget about whatever was undefined.


! LaTeX Error: \begin{document} ended by \end{table}.

See the LaTeX manual or LaTeX Companion for explanation.
Type  H <return>  for immediate help.
 ...                                              
                                                  
l.23 \end{table}
                
Your command was ignored.
Type  I <command> <return>  to replace it with another command,
or  <return>  to continue without it.


Overfull \hbox (20.0pt too wide) in paragraph at lines 15--24
[]
 []


Overfull \hbox (526.37598pt too wide) in paragraph at lines 15--24
[]
 []


! LaTeX Error: Environment table undefined.

See the LaTeX manual or LaTeX Companion for explanation.
Type  H <return>  for immediate help.
 ...                                              
                                                  
l.27 \begin{table}
                  [h!]
Your command was ignored.
Type  I <command> <return>  to replace it with another command,
or  <return>  to continue without it.


! LaTeX Error: Missing \begin{document}.

See the LaTeX manual or LaTeX Companion for explanation.
Type  H <return>  for immediate help.
 ...                                              
                                                  
l.27 \begin{table}[
                   h!]
You're in trouble here.  Try typing  <return>  to proceed.
If that doesn't work, type  X <return>  to quit.

Missing character: There is no [ in font nullfont!
Missing character: There is no h in font nullfont!
Missing character: There is no ! in font nullfont!
Missing character: There is no ] in font nullfont!
! Undefined control sequence.
l.29 & \changefont
                  {cmss}{smss}{n}\huge{\autoreins , \autorzwei} \\
The control sequence at the end of the top line
of your error message was never \def'ed. If you have
misspelled it (e.g., `\hobx'), type `I' and the correct
spelling (e.g., `I\hbox'). Otherwise just continue,
and I'll forget about whatever was undefined.

Missing character: There is no c in font nullfont!
Missing character: There is no m in font nullfont!
Missing character: There is no s in font nullfont!
Missing character: There is no s in font nullfont!
Missing character: There is no s in font nullfont!
Missing character: There is no m in font nullfont!
Missing character: There is no s in font nullfont!
Missing character: There is no s in font nullfont!
Missing character: There is no n in font nullfont!
! Undefined control sequence.
l.29 & \changefont{cmss}{smss}{n}\huge
                                      {\autoreins , \autorzwei} \\
The control sequence at the end of the top line
of your error message was never \def'ed. If you have
misspelled it (e.g., `\hobx'), type `I' and the correct
spelling (e.g., `I\hbox'). Otherwise just continue,
and I'll forget about whatever was undefined.

! Undefined control sequence.
l.29 & \changefont{cmss}{smss}{n}\huge{\autoreins
                                                  , \autorzwei} \\
The control sequence at the end of the top line
of your error message was never \def'ed. If you have
misspelled it (e.g., `\hobx'), type `I' and the correct
spelling (e.g., `I\hbox'). Otherwise just continue,
and I'll forget about whatever was undefined.

Missing character: There is no , in font nullfont!
! Undefined control sequence.
l.29 ...mss}{smss}{n}\huge{\autoreins , \autorzwei
                                                  } \\
The control sequence at the end of the top line
of your error message was never \def'ed. If you have
misspelled it (e.g., `\hobx'), type `I' and the correct
spelling (e.g., `I\hbox'). Otherwise just continue,
and I'll forget about whatever was undefined.


! LaTeX Error: \begin{document} ended by \end{table}.

See the LaTeX manual or LaTeX Companion for explanation.
Type  H <return>  for immediate help.
 ...                                              
                                                  
l.31 \end{table}
                
Your command was ignored.
Type  I <command> <return>  to replace it with another command,
or  <return>  to continue without it.


Overfull \hbox (20.0pt too wide) in paragraph at lines 27--32
[]
 []


Overfull \hbox (526.37598pt too wide) in paragraph at lines 27--32
[]
 []


! LaTeX Error: Environment table undefined.

See the LaTeX manual or LaTeX Companion for explanation.
Type  H <return>  for immediate help.
 ...                                              
                                                  
l.35 \begin{table}
                  [h!]
Your command was ignored.
Type  I <command> <return>  to replace it with another command,
or  <return>  to continue without it.


! LaTeX Error: Missing \begin{document}.

See the LaTeX manual or LaTeX Companion for explanation.
Type  H <return>  for immediate help.
 ...                                              
                                                  
l.35 \begin{table}[
                   h!]
You're in trouble here.  Try typing  <return>  to proceed.
If that doesn't work, type  X <return>  to quit.

Missing character: There is no [ in font nullfont!
Missing character: There is no h in font nullfont!
Missing character: There is no ! in font nullfont!
Missing character: There is no ] in font nullfont!
! Undefined control sequence.
l.37 & \huge
            \textsf{\@title} \\
The control sequence at the end of the top line
of your error message was never \def'ed. If you have
misspelled it (e.g., `\hobx'), type `I' and the correct
spelling (e.g., `I\hbox'). Otherwise just continue,
and I'll forget about whatever was undefined.


! LaTeX Error: No \title given.

See the LaTeX manual or LaTeX Companion for explanation.
Type  H <return>  for immediate help.
 ...                                              
                                                  
l.37 & \huge\textsf{\@title}
                             \\
Try typing  <return>  to proceed.
If that doesn't work, type  X <return>  to quit.

! Undefined control sequence.
l.39 & \changefont
                  {cmss}{smss}{n}\huge{\color{rwthgrau}\artderarbeit} \\
The control sequence at the end of the top line
of your error message was never \def'ed. If you have
misspelled it (e.g., `\hobx'), type `I' and the correct
spelling (e.g., `I\hbox'). Otherwise just continue,
and I'll forget about whatever was undefined.

Missing character: There is no c in font nullfont!
Missing character: There is no m in font nullfont!
Missing character: There is no s in font nullfont!
Missing character: There is no s in font nullfont!
Missing character: There is no s in font nullfont!
Missing character: There is no m in font nullfont!
Missing character: There is no s in font nullfont!
Missing character: There is no s in font nullfont!
Missing character: There is no n in font nullfont!
! Undefined control sequence.
l.39 & \changefont{cmss}{smss}{n}\huge
                                      {\color{rwthgrau}\artderarbeit} \\
The control sequence at the end of the top line
of your error message was never \def'ed. If you have
misspelled it (e.g., `\hobx'), type `I' and the correct
spelling (e.g., `I\hbox'). Otherwise just continue,
and I'll forget about whatever was undefined.

! Undefined control sequence.
l.39 & \changefont{cmss}{smss}{n}\huge{\color
                                             {rwthgrau}\artderarbeit} \\
The control sequence at the end of the top line
of your error message was never \def'ed. If you have
misspelled it (e.g., `\hobx'), type `I' and the correct
spelling (e.g., `I\hbox'). Otherwise just continue,
and I'll forget about whatever was undefined.

Missing character: There is no r in font nullfont!
Missing character: There is no w in font nullfont!
Missing character: There is no t in font nullfont!
Missing character: There is no h in font nullfont!
Missing character: There is no g in font nullfont!
Missing character: There is no r in font nullfont!
Missing character: There is no a in font nullfont!
Missing character: There is no u in font nullfont!
! Undefined control sequence.
l.39 ...mss}{n}\huge{\color{rwthgrau}\artderarbeit
                                                  } \\
The control sequence at the end of the top line
of your error message was never \def'ed. If you have
misspelled it (e.g., `\hobx'), type `I' and the correct
spelling (e.g., `I\hbox'). Otherwise just continue,
and I'll forget about whatever was undefined.


! LaTeX Error: \begin{document} ended by \end{table}.

See the LaTeX manual or LaTeX Companion for explanation.
Type  H <return>  for immediate help.
 ...                                              
                                                  
l.41 \end{table}
                
Your command was ignored.
Type  I <command> <return>  to replace it with another command,
or  <return>  to continue without it.


Overfull \hbox (20.0pt too wide) in paragraph at lines 35--42
[]
 []


Overfull \hbox (526.37598pt too wide) in paragraph at lines 35--42
[]
 []


! LaTeX Error: Environment table undefined.

See the LaTeX manual or LaTeX Companion for explanation.
Type  H <return>  for immediate help.
 ...                                              
                                                  
l.43 \begin{table}
                  [b!]
Your command was ignored.
Type  I <command> <return>  to replace it with another command,
or  <return>  to continue without it.


! LaTeX Error: Missing \begin{document}.

See the LaTeX manual or LaTeX Companion for explanation.
Type  H <return>  for immediate help.
 ...                                              
                                                  
l.43 \begin{table}[
                   b!]
You're in trouble here.  Try typing  <return>  to proceed.
If that doesn't work, type  X <return>  to quit.

Missing character: There is no [ in font nullfont!
Missing character: There is no b in font nullfont!
Missing character: There is no ! in font nullfont!
Missing character: There is no ] in font nullfont!
! Undefined control sequence.
\@sharp ->{\color 
                  {rwthdunkelblau}\rule [0mm]{213mm}{0,4mm}}
l.45 ...{rwthdunkelblau}\rule[0mm]{213mm}{0,4mm}}}
                                                   \\
The control sequence at the end of the top line
of your error message was never \def'ed. If you have
misspelled it (e.g., `\hobx'), type `I' and the correct
spelling (e.g., `I\hbox'). Otherwise just continue,
and I'll forget about whatever was undefined.

Missing character: There is no r in font nullfont!
Missing character: There is no w in font nullfont!
Missing character: There is no t in font nullfont!
Missing character: There is no h in font nullfont!
Missing character: There is no d in font nullfont!
Missing character: There is no u in font nullfont!
Missing character: There is no n in font nullfont!
Missing character: There is no k in font nullfont!
Missing character: There is no e in font nullfont!
Missing character: There is no l in font nullfont!
Missing character: There is no b in font nullfont!
Missing character: There is no l in font nullfont!
Missing character: There is no a in font nullfont!
Missing character: There is no u in font nullfont!

Overfull \hbox (8.53581pt too wide) in paragraph at lines 45--45
[][]| 
 []

! Undefined control sequence.
\@sharp ->\includegraphics 
                           [scale=1]{bilder/rwth_wsa_kombilogo}
l.50 ...phics[scale=1]{bilder/rwth_wsa_kombilogo}}
                                                   \\
The control sequence at the end of the top line
of your error message was never \def'ed. If you have
misspelled it (e.g., `\hobx'), type `I' and the correct
spelling (e.g., `I\hbox'). Otherwise just continue,
and I'll forget about whatever was undefined.

Missing character: There is no [ in font nullfont!
Missing character: There is no s in font nullfont!
Missing character: There is no c in font nullfont!
Missing character: There is no a in font nullfont!
Missing character: There is no l in font nullfont!
Missing character: There is no e in font nullfont!
Missing character: There is no = in font nullfont!
Missing character: There is no 1 in font nullfont!
Missing character: There is no ] in font nullfont!
Missing character: There is no b in font nullfont!
Missing character: There is no i in font nullfont!
Missing character: There is no l in font nullfont!
Missing character: There is no d in font nullfont!
Missing character: There is no e in font nullfont!
Missing character: There is no r in font nullfont!
Missing character: There is no / in font nullfont!
Missing character: There is no r in font nullfont!
Missing character: There is no w in font nullfont!
Missing character: There is no t in font nullfont!
Missing character: There is no h in font nullfont!
! Missing $ inserted.
<inserted text> 
                $
l.50 ...phics[scale=1]{bilder/rwth_wsa_kombilogo}}
                                                   \\
I've inserted a begin-math/end-math symbol since I think
you left one out. Proceed, with fingers crossed.

! Extra }, or forgotten $.
\@sharp ...cs [scale=1]{bilder/rwth_wsa_kombilogo}
                                                  
l.50 ...phics[scale=1]{bilder/rwth_wsa_kombilogo}}
                                                   \\
I've deleted a group-closing symbol because it seems to be
spurious, as in `$x}$'. But perhaps the } is legitimate and
you forgot something else, as in `\hbox{$x}'. In such cases
the way to recover is to insert both the forgotten and the
deleted material, e.g., by typing `I$}'.

! Extra }, or forgotten $.
\@preamble ...ignorespaces \@sharp \unskip \hfil }
                                                  \hskip \tabcolsep 
l.50 ...phics[scale=1]{bilder/rwth_wsa_kombilogo}}
                                                   \\
I've deleted a group-closing symbol because it seems to be
spurious, as in `$x}$'. But perhaps the } is legitimate and
you forgot something else, as in `\hbox{$x}'. In such cases
the way to recover is to insert both the forgotten and the
deleted material, e.g., by typing `I$}'.

! Missing $ inserted.
<inserted text> 
                $
l.50 ...phics[scale=1]{bilder/rwth_wsa_kombilogo}}
                                                   \\
I've inserted something that you may have forgotten.
(See the <inserted text> above.)
With luck, this will get me unwedged. But if you
really didn't forget anything, try typing `2' now; then
my insertion and my current dilemma will both disappear.

! Missing } inserted.
<inserted text> 
                }
l.50 ...phics[scale=1]{bilder/rwth_wsa_kombilogo}}
                                                   \\
I've inserted something that you may have forgotten.
(See the <inserted text> above.)
With luck, this will get me unwedged. But if you
really didn't forget anything, try typing `2' now; then
my insertion and my current dilemma will both disappear.

! Missing } inserted.
<inserted text> 
                }
l.50 ...phics[scale=1]{bilder/rwth_wsa_kombilogo}}
                                                   \\
I've inserted something that you may have forgotten.
(See the <inserted text> above.)
With luck, this will get me unwedged. But if you
really didn't forget anything, try typing `2' now; then
my insertion and my current dilemma will both disappear.


! LaTeX Error: \begin{document} ended by \end{table}.

See the LaTeX manual or LaTeX Companion for explanation.
Type  H <return>  for immediate help.
 ...                                              
                                                  
l.52 \end{table}
                
Your command was ignored.
Type  I <command> <return>  to replace it with another command,
or  <return>  to continue without it.


Overfull \hbox (20.0pt too wide) in paragraph at lines 43--53
[]
 []


Overfull \hbox (597.50787pt too wide) in paragraph at lines 43--53
[]
 []

! Undefined control sequence.
l.54 \restoregeometry
                     
The control sequence at the end of the top line
of your error message was never \def'ed. If you have
misspelled it (e.g., `\hobx'), type `I' and the correct
spelling (e.g., `I\hbox'). Otherwise just continue,
and I'll forget about whatever was undefined.


! LaTeX Error: The font size command \normalsize is not defined:
               there is probably something wrong with the class file.

See the LaTeX manual or LaTeX Companion for explanation.
Type  H <return>  for immediate help.
 ...                                              
                                                  
l.55 \newpage
             
Your command was ignored.
Type  I <command> <return>  to replace it with another command,
or  <return>  to continue without it.

[1{C:/Users/tbr/AppData/Local/MiKTeX/2.9/pdftex/config/pdftex.map}]

! LaTeX Error: Environment large undefined.

See the LaTeX manual or LaTeX Companion for explanation.
Type  H <return>  for immediate help.
 ...                                              
                                                  
l.57 \begin{large}
                  
Your command was ignored.
Type  I <command> <return>  to replace it with another command,
or  <return>  to continue without it.


! LaTeX Error: Missing \begin{document}.

See the LaTeX manual or LaTeX Companion for explanation.
Type  H <return>  for immediate help.
 ...                                              
                                                  
l.58 \textsf{"`\@title "' (\artderarbeit)}
                                           \\
You're in trouble here.  Try typing  <return>  to proceed.
If that doesn't work, type  X <return>  to quit.


! LaTeX Error: No \title given.

See the LaTeX manual or LaTeX Companion for explanation.
Type  H <return>  for immediate help.
 ...                                              
                                                  
l.58 \textsf{"`\@title "' (\artderarbeit)}
                                           \\
Try typing  <return>  to proceed.
If that doesn't work, type  X <return>  to quit.

! Undefined control sequence.
<argument> "`\@title "' (\artderarbeit 
                                       )
l.58 \textsf{"`\@title "' (\artderarbeit)}
                                           \\
The control sequence at the end of the top line
of your error message was never \def'ed. If you have
misspelled it (e.g., `\hobx'), type `I' and the correct
spelling (e.g., `I\hbox'). Otherwise just continue,
and I'll forget about whatever was undefined.

! Undefined control sequence.
<argument> vorgelegt am \today 
                               \ von
l.60 \textsf{vorgelegt am \today \ von}
                                        \\
The control sequence at the end of the top line
of your error message was never \def'ed. If you have
misspelled it (e.g., `\hobx'), type `I' and the correct
spelling (e.g., `I\hbox'). Otherwise just continue,
and I'll forget about whatever was undefined.

! Undefined control sequence.
<argument>  \autoreins 
                       , Matrikelnummer: \matrikelnummereins \\ \autorzwei ,...
l.69 }
      
The control sequence at the end of the top line
of your error message was never \def'ed. If you have
misspelled it (e.g., `\hobx'), type `I' and the correct
spelling (e.g., `I\hbox'). Otherwise just continue,
and I'll forget about whatever was undefined.

! Undefined control sequence.
<argument> ...Matrikelnummer: \matrikelnummereins 
                                                  \\ \autorzwei , Matrikelnu...
l.69 }
      
The control sequence at the end of the top line
of your error message was never \def'ed. If you have
misspelled it (e.g., `\hobx'), type `I' and the correct
spelling (e.g., `I\hbox'). Otherwise just continue,
and I'll forget about whatever was undefined.

! Undefined control sequence.
<recently read> \autorzwei 
                           
l.69 }
      
The control sequence at the end of the top line
of your error message was never \def'ed. If you have
misspelled it (e.g., `\hobx'), type `I' and the correct
spelling (e.g., `I\hbox'). Otherwise just continue,
and I'll forget about whatever was undefined.

! Undefined control sequence.
<argument> ...Matrikelnummer: \matrikelnummerzwei 
                                                  \\ \\ betreut durch \betre...
l.69 }
      
The control sequence at the end of the top line
of your error message was never \def'ed. If you have
misspelled it (e.g., `\hobx'), type `I' and the correct
spelling (e.g., `I\hbox'). Otherwise just continue,
and I'll forget about whatever was undefined.

! Undefined control sequence.
<argument> ...rzwei \\ \\ betreut durch \betreuer 
                                                  
l.69 }
      
The control sequence at the end of the top line
of your error message was never \def'ed. If you have
misspelled it (e.g., `\hobx'), type `I' and the correct
spelling (e.g., `I\hbox'). Otherwise just continue,
and I'll forget about whatever was undefined.


Overfull \hbox (35.5556pt too wide) in paragraph at lines 58--70
[]\OT1/cmss/m/n/10 "`"'
 []


Overfull \hbox (7.7778pt too wide) in paragraph at lines 58--70
\OT1/cmss/m/n/10 () 
 []


Overfull \hbox (37.63896pt too wide) in paragraph at lines 58--70
\OT1/cmss/m/n/10 vorgelegt
 []


Overfull \hbox (12.75003pt too wide) in paragraph at lines 58--70
\OT1/cmss/m/n/10 am
 []


Overfull \hbox (14.77782pt too wide) in paragraph at lines 58--70
\OT1/cmss/m/n/10 von 
 []


Overfull \hbox (2.77779pt too wide) in paragraph at lines 58--70
\OT1/cmss/m/n/10 ,
 []


Overfull \hbox (16.88895pt too wide) in paragraph at lines 58--70
\OT1/cmss/m/n/10 Ma-
 []


Overfull \hbox (24.19447pt too wide) in paragraph at lines 58--70
\OT1/cmss/m/n/10 trikel-
 []


Overfull \hbox (21.61113pt too wide) in paragraph at lines 58--70
\OT1/cmss/m/n/10 num-
 []


Overfull \hbox (18.58337pt too wide) in paragraph at lines 58--70
\OT1/cmss/m/n/10 mer: 
 []


Overfull \hbox (2.77779pt too wide) in paragraph at lines 58--70
\OT1/cmss/m/n/10 ,
 []


Overfull \hbox (16.88895pt too wide) in paragraph at lines 58--70
\OT1/cmss/m/n/10 Ma-
 []


Overfull \hbox (24.19447pt too wide) in paragraph at lines 58--70
\OT1/cmss/m/n/10 trikel-
 []


Overfull \hbox (21.61113pt too wide) in paragraph at lines 58--70
\OT1/cmss/m/n/10 num-
 []


Overfull \hbox (18.58337pt too wide) in paragraph at lines 58--70
\OT1/cmss/m/n/10 mer: 
 []


Overfull \hbox (30.13893pt too wide) in paragraph at lines 58--70
\OT1/cmss/m/n/10 betreut
 []


Overfull \hbox (23.36115pt too wide) in paragraph at lines 58--70
\OT1/cmss/m/n/10 durch
 []


! LaTeX Error: Missing \begin{document}.

See the LaTeX manual or LaTeX Companion for explanation.
Type  H <return>  for immediate help.
 ...                                              
                                                  
l.72 \begin{flushright}
                       
You're in trouble here.  Try typing  <return>  to proceed.
If that doesn't work, type  X <return>  to quit.


Overfull \hbox (20.0pt too wide) in paragraph at lines 72--72
[] 
 []


Overfull \hbox (29.79178pt too wide) in paragraph at lines 81--81
 \OT1/cmss/m/n/10 RWTH
 []


Overfull \hbox (30.69449pt too wide) in paragraph at lines 81--81
 \OT1/cmss/m/n/10 Aachen
 []

Missing character: There is no ü in font cmss10!
Missing character: There is no ä in font cmss10!
Missing character: There is no ü in font cmss10!

Overfull \hbox (38.61116pt too wide) in paragraph at lines 81--81
 []\OT1/cmss/m/n/10 Lehrstuhl
 []


Overfull \hbox (6.47226pt too wide) in paragraph at lines 81--81
 \OT1/cmss/m/n/10 fr
 []


Overfull \hbox (28.58339pt too wide) in paragraph at lines 81--81
 \OT1/cmss/m/n/10 Wrme-
 []


Overfull \hbox (15.50002pt too wide) in paragraph at lines 81--81
 \OT1/cmss/m/n/10 und
 []


Overfull \hbox (23.33339pt too wide) in paragraph at lines 81--81
 \OT1/cmss/m/n/10 Stoff-
 []


Overfull \hbox (16.63892pt too wide) in paragraph at lines 81--81
 \OT1/cmss/m/n/10 ber-
 []


Overfull \hbox (15.1667pt too wide) in paragraph at lines 81--81
 \OT1/cmss/m/n/10 tra-
 []


Overfull \hbox (20.33337pt too wide) in paragraph at lines 81--81
 \OT1/cmss/m/n/10 gung
 []


Overfull \hbox (25.15285pt too wide) in paragraph at lines 81--81
 []\OT1/cmss/m/n/10 Univ.-
 []


Overfull \hbox (20.63896pt too wide) in paragraph at lines 81--81
 \OT1/cmss/m/n/10 Prof.
 []


Overfull \hbox (29.139pt too wide) in paragraph at lines 81--81
 \OT1/cmss/m/n/10 Dr.Ing.
 []


Overfull \hbox (9.23615pt too wide) in paragraph at lines 81--81
 \OT1/cmss/m/n/10 R.
 []


Overfull \hbox (24.41672pt too wide) in paragraph at lines 81--81
 \OT1/cmss/m/n/10 Kneer
 []

Missing character: There is no ß in font cmss10!

Overfull \hbox (80.11119pt too wide) in paragraph at lines 81--81
 []\OT1/cmss/m/n/10 Eilfschornsteinstrae
 []


Overfull \hbox (10.00003pt too wide) in paragraph at lines 81--81
 \OT1/cmss/m/n/10 18
 []


Overfull \hbox (25.00008pt too wide) in paragraph at lines 81--81
 []\OT1/cmss/m/n/10 52056
 []


Overfull \hbox (30.69449pt too wide) in paragraph at lines 81--81
 \OT1/cmss/m/n/10 Aachen
 []


Overfull \hbox (30.47226pt too wide) in paragraph at lines 81--81
 []\OT1/cmss/m/n/10 Telefon
 []


Overfull \hbox (38.33344pt too wide) in paragraph at lines 81--81
 \OT1/cmss/m/n/10 0241/80-
 []


Overfull \hbox (25.00008pt too wide) in paragraph at lines 81--81
 \OT1/cmss/m/n/10 95400
 []


Overfull \hbox (29.72227pt too wide) in paragraph at lines 81--81
 []\OT1/cmss/m/n/10 Telefax
 []


Overfull \hbox (38.33344pt too wide) in paragraph at lines 81--81
 \OT1/cmss/m/n/10 0241/80-
 []


Overfull \hbox (25.00008pt too wide) in paragraph at lines 81--81
 \OT1/cmss/m/n/10 92143
 []


Overfull \hbox (63.88907pt too wide) in paragraph at lines 81--81
 []\OT1/cmss/m/n/10 www.wsa.rwth-
 []


Overfull \hbox (41.22227pt too wide) in paragraph at lines 81--81
 \OT1/cmss/m/n/10 aachen.de
 []


Overfull \hbox (62.88904pt too wide) in paragraph at lines 81--82
 []\OT1/cmss/m/n/10 info@wsa.rwth-
 []


Overfull \hbox (41.22227pt too wide) in paragraph at lines 81--82
 \OT1/cmss/m/n/10 aachen.de
 []


! LaTeX Error: \begin{document} ended by \end{large}.

See the LaTeX manual or LaTeX Companion for explanation.
Type  H <return>  for immediate help.
 ...                                              
                                                  
l.84 \end{large}
                
Your command was ignored.
Type  I <command> <return>  to replace it with another command,
or  <return>  to continue without it.


! LaTeX Error: \begin{document} ended by \end{titlepage}.

See the LaTeX manual or LaTeX Companion for explanation.
Type  H <return>  for immediate help.
 ...                                              
                                                  
l.86 \end{titlepage}
                    
Your command was ignored.
Type  I <command> <return>  to replace it with another command,
or  <return>  to continue without it.

)
! Emergency stop.
<*> titelblatt.tex
                  
*** (job aborted, no legal \end found)

 
Here is how much of TeX's memory you used:
 35 strings out of 494019
 550 string characters out of 3146504
 51862 words of memory out of 3000000
 3420 multiletter control sequences out of 15000+200000
 3945 words of font info for 15 fonts, out of 3000000 for 9000
 714 hyphenation exceptions out of 8191
 19i,9n,12p,166b,187s stack positions out of 5000i,500n,10000p,200000b,50000s
!  ==> Fatal error occurred, no output PDF file produced!
